The target system is: Emscripten - 1 - 
The host system is: Linux - 4.0.4-2-ARCH - x86_64
Performing C++ SOURCE FILE Test ENTITYX_HAVE_CXX11_STDLIB succeded with the following output:
Change Dir: /home/svenstaro/prj/bgj09/build-web/CMakeFiles/CMakeTmp

Run Build Command:"/usr/bin/make" "cmTryCompileExec678501413/fast"
make[1]: Entering directory '/home/svenstaro/prj/bgj09/build-web/CMakeFiles/CMakeTmp'
/usr/bin/make -f CMakeFiles/cmTryCompileExec678501413.dir/build.make CMakeFiles/cmTryCompileExec678501413.dir/build
make[2]: Entering directory '/home/svenstaro/prj/bgj09/build-web/CMakeFiles/CMakeTmp'
/usr/bin/cmake -E cmake_progress_report /home/svenstaro/prj/bgj09/build-web/CMakeFiles/CMakeTmp/CMakeFiles 1
Building CXX object CMakeFiles/cmTryCompileExec678501413.dir/src.cxx.o
/usr/lib/emscripten/em++    -pedantic -Werror -Wall -Wextra -Wno-unused-parameter -Wno-error=unused-variable -Wno-error=sign-compare -std=c++11 -stdlib=libc++ -DENTITYX_HAVE_CXX11_STDLIB -s ERROR_ON_UNDEFINED_SYMBOLS=1   -o CMakeFiles/cmTryCompileExec678501413.dir/src.cxx.o -c /home/svenstaro/prj/bgj09/build-web/CMakeFiles/CMakeTmp/src.cxx
Linking CXX executable cmTryCompileExec678501413.js
/usr/bin/cmake -E cmake_link_script CMakeFiles/cmTryCompileExec678501413.dir/link.txt --verbose=1
/usr/lib/emscripten/em++    -pedantic -Werror -Wall -Wextra -Wno-unused-parameter -Wno-error=unused-variable -Wno-error=sign-compare -std=c++11 -stdlib=libc++ -DENTITYX_HAVE_CXX11_STDLIB -s ERROR_ON_UNDEFINED_SYMBOLS=1    @CMakeFiles/cmTryCompileExec678501413.dir/objects1.rsp  -o cmTryCompileExec678501413.js  
make[2]: Leaving directory '/home/svenstaro/prj/bgj09/build-web/CMakeFiles/CMakeTmp'
make[1]: Leaving directory '/home/svenstaro/prj/bgj09/build-web/CMakeFiles/CMakeTmp'

Source file was:

#include <memory>

int main() {
    std::shared_ptr<int>();
}

Determining if the include file stdint.h exists passed with the following output:
Change Dir: /home/svenstaro/prj/bgj09/build-web/CMakeFiles/CMakeTmp

Run Build Command:"/usr/bin/make" "cmTryCompileExec654835707/fast"
make[1]: Entering directory '/home/svenstaro/prj/bgj09/build-web/CMakeFiles/CMakeTmp'
/usr/bin/make -f CMakeFiles/cmTryCompileExec654835707.dir/build.make CMakeFiles/cmTryCompileExec654835707.dir/build
make[2]: Entering directory '/home/svenstaro/prj/bgj09/build-web/CMakeFiles/CMakeTmp'
/usr/bin/cmake -E cmake_progress_report /home/svenstaro/prj/bgj09/build-web/CMakeFiles/CMakeTmp/CMakeFiles 1
Building C object CMakeFiles/cmTryCompileExec654835707.dir/CheckIncludeFile.c.o
/usr/lib/emscripten/emcc   -s ERROR_ON_UNDEFINED_SYMBOLS=1   -o CMakeFiles/cmTryCompileExec654835707.dir/CheckIncludeFile.c.o   -c /home/svenstaro/prj/bgj09/build-web/CMakeFiles/CMakeTmp/CheckIncludeFile.c
Linking C executable cmTryCompileExec654835707.js
/usr/bin/cmake -E cmake_link_script CMakeFiles/cmTryCompileExec654835707.dir/link.txt --verbose=1
/usr/lib/emscripten/emcc   -s ERROR_ON_UNDEFINED_SYMBOLS=1    @CMakeFiles/cmTryCompileExec654835707.dir/objects1.rsp  -o cmTryCompileExec654835707.js  
make[2]: Leaving directory '/home/svenstaro/prj/bgj09/build-web/CMakeFiles/CMakeTmp'
make[1]: Leaving directory '/home/svenstaro/prj/bgj09/build-web/CMakeFiles/CMakeTmp'


